Using pre-set license
Built from '2020.3/staging' branch; Version is '2020.3.4f1 (0abb6314276a) revision 703331'; Using compiler version '192528614'; Build Type 'Release'
OS: 'Windows 10 Home; OS build 19042.928; Version 2009; 64bit' Language: 'en' Physical Memory: 12228 MB
BatchMode: 1, IsHumanControllingUs: 0, StartBugReporterOnCrash: 0, Is64bit: 1, IsPro: 0

 COMMAND LINE ARGUMENTS:
C:\Program Files\Unity\Hub\Editor\2020.3.4f1\Editor\Unity.exe
-adb2
-batchMode
-noUpm
-name
AssetImportWorker0
-projectPath
C:/Users/brayd/Documents/UnityProjects/RowellUnit1Example/Rowell Unit 1 Learning
-logFile
Logs/AssetImportWorker0.log
-srvPort
54702
Successfully changed project path to: C:/Users/brayd/Documents/UnityProjects/RowellUnit1Example/Rowell Unit 1 Learning
C:/Users/brayd/Documents/UnityProjects/RowellUnit1Example/Rowell Unit 1 Learning
Using Asset Import Pipeline V2.
Refreshing native plugins compatible for Editor in 53.67 ms, found 0 plugins.
Preloading 0 native plugins for Editor in 0.00 ms.
Initialize engine version: 2020.3.4f1 (0abb6314276a)
[Subsystems] Discovering subsystems at path C:/Program Files/Unity/Hub/Editor/2020.3.4f1/Editor/Data/Resources/UnitySubsystems
[Subsystems] Discovering subsystems at path C:/Users/brayd/Documents/UnityProjects/RowellUnit1Example/Rowell Unit 1 Learning/Assets
GfxDevice: creating device client; threaded=0
Direct3D:
    Version:  Direct3D 11.0 [level 11.1]
    Renderer: NVIDIA GeForce GTX 1050 (ID=0x1c81)
    Vendor:   
    VRAM:     1977 MB
    Driver:   27.21.14.6589
Initialize mono
Mono path[0] = 'C:/Program Files/Unity/Hub/Editor/2020.3.4f1/Editor/Data/Managed'
Mono path[1] = 'C:/Program Files/Unity/Hub/Editor/2020.3.4f1/Editor/Data/MonoBleedingEdge/lib/mono/unityjit'
Mono config path = 'C:/Program Files/Unity/Hub/Editor/2020.3.4f1/Editor/Data/MonoBleedingEdge/etc'
Using monoOptions --debugger-agent=transport=dt_socket,embedding=1,server=y,suspend=n,address=127.0.0.1:56544
Begin MonoManager ReloadAssembly
Registering precompiled unity dll's ...
Register platform support module: C:/Program Files/Unity/Hub/Editor/2020.3.4f1/Editor/Data/PlaybackEngines/WindowsStandaloneSupport/UnityEditor.WindowsStandalone.Extensions.dll
Registered in 0.002588 seconds.
Native extension for WindowsStandalone target not found
Refreshing native plugins compatible for Editor in 23.19 ms, found 0 plugins.
Preloading 0 native plugins for Editor in 0.00 ms.
Mono: successfully reloaded assembly
- Completed reload, in  1.283 seconds
Platform modules already initialized, skipping
Registering precompiled user dll's ...
Registered in 0.001018 seconds.
Begin MonoManager ReloadAssembly
Native extension for WindowsStandalone target not found
Refreshing native plugins compatible for Editor in 0.20 ms, found 0 plugins.
Preloading 0 native plugins for Editor in 0.00 ms.
Mono: successfully reloaded assembly
- Completed reload, in  1.123 seconds
Platform modules already initialized, skipping
========================================================================
Worker process is ready to serve import requests
Launched and connected shader compiler UnityShaderCompiler.exe after 0.23 seconds
Refreshing native plugins compatible for Editor in 0.31 ms, found 0 plugins.
Preloading 0 native plugins for Editor in 0.00 ms.
Unloading 1138 Unused Serialized files (Serialized files now loaded: 0)
System memory in use before: 59.7 MB.
System memory in use after: 59.8 MB.

Unloading 9 unused Assets to reduce memory usage. Loaded Objects now: 1581.
Total: 1.986100 ms (FindLiveObjects: 0.146200 ms CreateObjectMapping: 0.043500 ms MarkObjects: 1.723800 ms  DeleteObjects: 0.071000 ms)

========================================================================
Received Import Request.
  path: Assets/Scenes/SampleScene.unity
  artifactKey: Guid(9fc0d4010bbf28b4594072e72b8655ab) Importer(815301076,1909f56bfc062723c751e8b465ee728b)
Start importing Assets/Scenes/SampleScene.unity using Guid(9fc0d4010bbf28b4594072e72b8655ab) Importer(815301076,1909f56bfc062723c751e8b465ee728b)  -> (artifact id: '6ef5cd6bf29d070c69db2845ed6bf95b') in 0.013815 seconds
  Import took 0.015605 seconds .

========================================================================
Received Import Request.
  Time since last request: 310.878009 seconds.
  path: Assets/48 Particle Effect Pack/Texture/Cube.png
  artifactKey: Guid(804a6b341b5deb2469f43621937e2922) Importer(815301076,1909f56bfc062723c751e8b465ee728b)
Start importing Assets/48 Particle Effect Pack/Texture/Cube.png using Guid(804a6b341b5deb2469f43621937e2922) Importer(815301076,1909f56bfc062723c751e8b465ee728b)  -> (artifact id: '874e227ec750c13c3693833a0b223965') in 1.825740 seconds
  Import took 1.827935 seconds .

========================================================================
Received Import Request.
  Time since last request: 0.000290 seconds.
  path: Assets/48 Particle Effect Pack/Texture/SnowCrystal4.png
  artifactKey: Guid(f86f0f5ed1fc4de4da6956aa8e44b93b) Importer(815301076,1909f56bfc062723c751e8b465ee728b)
Start importing Assets/48 Particle Effect Pack/Texture/SnowCrystal4.png using Guid(f86f0f5ed1fc4de4da6956aa8e44b93b) Importer(815301076,1909f56bfc062723c751e8b465ee728b)  -> (artifact id: 'ad85f3d1a85c76c8995c193c6952732b') in 0.322930 seconds
  Import took 0.324500 seconds .

========================================================================
Received Import Request.
  Time since last request: 0.000277 seconds.
  path: Assets/48 Particle Effect Pack/Texture/multifulline2.png
  artifactKey: Guid(fb7666159dfdba4498dd63e2d76f7c68) Importer(815301076,1909f56bfc062723c751e8b465ee728b)
Start importing Assets/48 Particle Effect Pack/Texture/multifulline2.png using Guid(fb7666159dfdba4498dd63e2d76f7c68) Importer(815301076,1909f56bfc062723c751e8b465ee728b)  -> (artifact id: 'ea46465b68ad5877cf9457565f2c44c9') in 0.009239 seconds
  Import took 0.010935 seconds .

========================================================================
Received Import Request.
  Time since last request: 0.000236 seconds.
  path: Assets/48 Particle Effect Pack/Texture/Smoke7.png
  artifactKey: Guid(a42e7b2914e69ed4b9fcd1728c8dd2f4) Importer(815301076,1909f56bfc062723c751e8b465ee728b)
Start importing Assets/48 Particle Effect Pack/Texture/Smoke7.png using Guid(a42e7b2914e69ed4b9fcd1728c8dd2f4) Importer(815301076,1909f56bfc062723c751e8b465ee728b)  -> (artifact id: 'bb8c74b7d39a8efa7984d86c59f3c854') in 0.641800 seconds
  Import took 0.643738 seconds .

========================================================================
Received Import Request.
  Time since last request: 0.000275 seconds.
  path: Assets/48 Particle Effect Pack/Texture/Particle.png
  artifactKey: Guid(8b54d6bfa7448b04eb413e5921218312) Importer(815301076,1909f56bfc062723c751e8b465ee728b)
Start importing Assets/48 Particle Effect Pack/Texture/Particle.png using Guid(8b54d6bfa7448b04eb413e5921218312) Importer(815301076,1909f56bfc062723c751e8b465ee728b)  -> (artifact id: '000d34571795da2b9dcf2e1d8b6ce76b') in 0.461176 seconds
  Import took 0.463155 seconds .

========================================================================
Received Import Request.
  Time since last request: 0.000248 seconds.
  path: Assets/48 Particle Effect Pack/Texture/Spark4.png
  artifactKey: Guid(db05eea9c63f1dd4f940ee03feef35d5) Importer(815301076,1909f56bfc062723c751e8b465ee728b)
Start importing Assets/48 Particle Effect Pack/Texture/Spark4.png using Guid(db05eea9c63f1dd4f940ee03feef35d5) Importer(815301076,1909f56bfc062723c751e8b465ee728b)  -> (artifact id: 'fc769cd7c28f9f07f698306f4345738e') in 0.314164 seconds
  Import took 0.316384 seconds .

========================================================================
Received Import Request.
  Time since last request: 0.000263 seconds.
  path: Assets/48 Particle Effect Pack/Texture/Lightning2.png
  artifactKey: Guid(82bff593a4d416841b5ec6ae2eb7e533) Importer(815301076,1909f56bfc062723c751e8b465ee728b)
Start importing Assets/48 Particle Effect Pack/Texture/Lightning2.png using Guid(82bff593a4d416841b5ec6ae2eb7e533) Importer(815301076,1909f56bfc062723c751e8b465ee728b)  -> (artifact id: '5c9fb96cedb7bbbccaaf6a7dc95b4823') in 0.768521 seconds
  Import took 0.770183 seconds .

========================================================================
Received Import Request.
  Time since last request: 0.000272 seconds.
  path: Assets/48 Particle Effect Pack/Texture/Lightning3.png
  artifactKey: Guid(1e22caf851044fe4dbe73ca33a7e9e29) Importer(815301076,1909f56bfc062723c751e8b465ee728b)
Start importing Assets/48 Particle Effect Pack/Texture/Lightning3.png using Guid(1e22caf851044fe4dbe73ca33a7e9e29) Importer(815301076,1909f56bfc062723c751e8b465ee728b)  -> (artifact id: 'aa7830a25198f3c0915e57812fd1ce5d') in 0.011470 seconds
  Import took 0.013217 seconds .

========================================================================
Received Import Request.
  Time since last request: 0.000283 seconds.
  path: Assets/48 Particle Effect Pack/Texture/SnowCrystal3.png
  artifactKey: Guid(a65abe18d5d4cd5488a59984e1928bea) Importer(815301076,1909f56bfc062723c751e8b465ee728b)
Start importing Assets/48 Particle Effect Pack/Texture/SnowCrystal3.png using Guid(a65abe18d5d4cd5488a59984e1928bea) Importer(815301076,1909f56bfc062723c751e8b465ee728b)  -> (artifact id: '68be886d40957151e50a7ce1e7bb9211') in 0.190229 seconds
  Import took 0.192847 seconds .

========================================================================
Received Import Request.
  Time since last request: 0.000300 seconds.
  path: Assets/48 Particle Effect Pack/Texture/Ring3.png
  artifactKey: Guid(80421df3a6636154a9772e3c392df801) Importer(815301076,1909f56bfc062723c751e8b465ee728b)
Start importing Assets/48 Particle Effect Pack/Texture/Ring3.png using Guid(80421df3a6636154a9772e3c392df801) Importer(815301076,1909f56bfc062723c751e8b465ee728b)  -> (artifact id: 'e75206de7c57b8c18a919c9d1b19391a') in 0.013669 seconds
  Import took 0.015620 seconds .

========================================================================
Received Import Request.
  Time since last request: 0.000304 seconds.
  path: Assets/48 Particle Effect Pack/Texture/Spark2.png
  artifactKey: Guid(d93ddb7c7e392d143804e0f15189d8dd) Importer(815301076,1909f56bfc062723c751e8b465ee728b)
Start importing Assets/48 Particle Effect Pack/Texture/Spark2.png using Guid(d93ddb7c7e392d143804e0f15189d8dd) Importer(815301076,1909f56bfc062723c751e8b465ee728b)  -> (artifact id: '5894c7941b428ac43c24b586253e0dce') in 0.396243 seconds
  Import took 0.398018 seconds .

========================================================================
Received Import Request.
  Time since last request: 0.000270 seconds.
  path: Assets/48 Particle Effect Pack/Texture/Flash3.png
  artifactKey: Guid(8b6da38d0973c694a89a67f9feb125be) Importer(815301076,1909f56bfc062723c751e8b465ee728b)
Start importing Assets/48 Particle Effect Pack/Texture/Flash3.png using Guid(8b6da38d0973c694a89a67f9feb125be) Importer(815301076,1909f56bfc062723c751e8b465ee728b)  -> (artifact id: '79fb406eeb32fa8c879626029aacc490') in 0.053983 seconds
  Import took 0.055639 seconds .

========================================================================
Received Import Request.
  Time since last request: 0.000285 seconds.
  path: Assets/48 Particle Effect Pack/Texture/multifulline.png
  artifactKey: Guid(cd902e00eecab704eaf8216ed6fd018d) Importer(815301076,1909f56bfc062723c751e8b465ee728b)
Start importing Assets/48 Particle Effect Pack/Texture/multifulline.png using Guid(cd902e00eecab704eaf8216ed6fd018d) Importer(815301076,1909f56bfc062723c751e8b465ee728b)  -> (artifact id: '9e92c16dcc31e7a42faaf39fef38cafa') in 0.009040 seconds
  Import took 0.011358 seconds .

========================================================================
Received Import Request.
  Time since last request: 0.000311 seconds.
  path: Assets/48 Particle Effect Pack/Texture/Ring2.png
  artifactKey: Guid(31466575f34badf4dad7dc00e6b2177d) Importer(815301076,1909f56bfc062723c751e8b465ee728b)
Start importing Assets/48 Particle Effect Pack/Texture/Ring2.png using Guid(31466575f34badf4dad7dc00e6b2177d) Importer(815301076,1909f56bfc062723c751e8b465ee728b)  -> (artifact id: '4eea7ebd4e6c3eb8c646c362dd6944cc') in 0.492823 seconds
  Import took 0.495390 seconds .

========================================================================
Received Import Request.
  Time since last request: 0.000307 seconds.
  path: Assets/TextMesh Pro/Resources/Fonts & Materials/LiberationSans SDF - Fallback.asset
  artifactKey: Guid(2e498d1c8094910479dc3e1b768306a4) Importer(815301076,1909f56bfc062723c751e8b465ee728b)
Start importing Assets/TextMesh Pro/Resources/Fonts & Materials/LiberationSans SDF - Fallback.asset using Guid(2e498d1c8094910479dc3e1b768306a4) Importer(815301076,1909f56bfc062723c751e8b465ee728b)  -> (artifact id: '48c000423304e46dc190ccc1032df5e9') in 0.263132 seconds
  Import took 0.264941 seconds .

========================================================================
Received Import Request.
  Time since last request: 0.000289 seconds.
  path: Assets/48 Particle Effect Pack/Texture/Smoke5.png
  artifactKey: Guid(72e47387450438641a4f518987f8f600) Importer(815301076,1909f56bfc062723c751e8b465ee728b)
Start importing Assets/48 Particle Effect Pack/Texture/Smoke5.png using Guid(72e47387450438641a4f518987f8f600) Importer(815301076,1909f56bfc062723c751e8b465ee728b)  -> (artifact id: 'fbf1842a8f59439048c41cdf24a2f8d9') in 0.010185 seconds
  Import took 0.012233 seconds .

========================================================================
Received Import Request.
  Time since last request: 0.000327 seconds.
  path: Assets/48 Particle Effect Pack/Texture/Smoke6.png
  artifactKey: Guid(f7d40b82a4bdec24088bd5e9ace1adad) Importer(815301076,1909f56bfc062723c751e8b465ee728b)
Start importing Assets/48 Particle Effect Pack/Texture/Smoke6.png using Guid(f7d40b82a4bdec24088bd5e9ace1adad) Importer(815301076,1909f56bfc062723c751e8b465ee728b)  -> (artifact id: '98685f68f49435463619197623e440f4') in 0.104358 seconds
  Import took 0.106963 seconds .

========================================================================
Received Import Request.
  Time since last request: 0.000347 seconds.
  path: Assets/48 Particle Effect Pack/Texture/Light2.png
  artifactKey: Guid(3a68c8f3086de0543b68eff373f1a8a4) Importer(815301076,1909f56bfc062723c751e8b465ee728b)
Start importing Assets/48 Particle Effect Pack/Texture/Light2.png using Guid(3a68c8f3086de0543b68eff373f1a8a4) Importer(815301076,1909f56bfc062723c751e8b465ee728b)  -> (artifact id: 'e61ad808d4984e1dd4c94bffb6437e55') in 0.918545 seconds
  Import took 0.921217 seconds .

========================================================================
Received Import Request.
  Time since last request: 0.000331 seconds.
  path: Assets/48 Particle Effect Pack/Texture/Ring8.png
  artifactKey: Guid(c370d761389415a41bab75d069ae9b50) Importer(815301076,1909f56bfc062723c751e8b465ee728b)
Start importing Assets/48 Particle Effect Pack/Texture/Ring8.png using Guid(c370d761389415a41bab75d069ae9b50) Importer(815301076,1909f56bfc062723c751e8b465ee728b)  -> (artifact id: 'ea08d1b88100a5e46ead8b44a111fcd4') in 0.771578 seconds
  Import took 0.773801 seconds .

========================================================================
Received Import Request.
  Time since last request: 0.000297 seconds.
  path: Assets/48 Particle Effect Pack/Texture/Line.png
  artifactKey: Guid(c61f764b0a2224543815079043b8a8cf) Importer(815301076,1909f56bfc062723c751e8b465ee728b)
Start importing Assets/48 Particle Effect Pack/Texture/Line.png using Guid(c61f764b0a2224543815079043b8a8cf) Importer(815301076,1909f56bfc062723c751e8b465ee728b)  -> (artifact id: '5550d23fae7df20324749add9c752823') in 0.010568 seconds
  Import took 0.012329 seconds .

========================================================================
Received Import Request.
  Time since last request: 0.000198 seconds.
  path: Assets/48 Particle Effect Pack/Texture/Ring5.png
  artifactKey: Guid(b2f1d52a95d5da44cad396fe6355e4bf) Importer(815301076,1909f56bfc062723c751e8b465ee728b)
Start importing Assets/48 Particle Effect Pack/Texture/Ring5.png using Guid(b2f1d52a95d5da44cad396fe6355e4bf) Importer(815301076,1909f56bfc062723c751e8b465ee728b)  -> (artifact id: 'c27f2a2006e499f820834cd6c7c58a4c') in 0.012247 seconds
  Import took 0.014516 seconds .

========================================================================
Received Import Request.
  Time since last request: 0.000245 seconds.
  path: Assets/48 Particle Effect Pack/Texture/Ring4.png
  artifactKey: Guid(b9b776639e23bb34d9cf8730d34f2f1f) Importer(815301076,1909f56bfc062723c751e8b465ee728b)
Start importing Assets/48 Particle Effect Pack/Texture/Ring4.png using Guid(b9b776639e23bb34d9cf8730d34f2f1f) Importer(815301076,1909f56bfc062723c751e8b465ee728b)  -> (artifact id: 'd6e78d84bf8774d1462c18c272c85230') in 0.011626 seconds
  Import took 0.013649 seconds .

========================================================================
Received Import Request.
  Time since last request: 0.000332 seconds.
  path: Assets/48 Particle Effect Pack/Texture/Star.png
  artifactKey: Guid(b8e508d01fb69b94985fea1cec32c7a1) Importer(815301076,1909f56bfc062723c751e8b465ee728b)
Start importing Assets/48 Particle Effect Pack/Texture/Star.png using Guid(b8e508d01fb69b94985fea1cec32c7a1) Importer(815301076,1909f56bfc062723c751e8b465ee728b)  -> (artifact id: '63753ade63fa4e94bdd016cb53ce7d00') in 0.010298 seconds
  Import took 0.012883 seconds .

========================================================================
Received Import Request.
  Time since last request: 0.000306 seconds.
  path: Assets/48 Particle Effect Pack/Texture/Spark8.png
  artifactKey: Guid(8065c125ba8eb0f4ab6667beec45cc98) Importer(815301076,1909f56bfc062723c751e8b465ee728b)
Start importing Assets/48 Particle Effect Pack/Texture/Spark8.png using Guid(8065c125ba8eb0f4ab6667beec45cc98) Importer(815301076,1909f56bfc062723c751e8b465ee728b)  -> (artifact id: '87846b040216ccacf018496daf98fbec') in 0.528358 seconds
  Import took 0.530286 seconds .

========================================================================
Received Import Request.
  Time since last request: 0.000357 seconds.
  path: Assets/TextMesh Pro/Resources/Fonts & Materials/LiberationSans SDF.asset
  artifactKey: Guid(8f586378b4e144a9851e7b34d9b748ee) Importer(815301076,1909f56bfc062723c751e8b465ee728b)
Start importing Assets/TextMesh Pro/Resources/Fonts & Materials/LiberationSans SDF.asset using Guid(8f586378b4e144a9851e7b34d9b748ee) Importer(815301076,1909f56bfc062723c751e8b465ee728b)  -> (artifact id: '3253f5d02e73a3542c12938527fbd7f4') in 0.043167 seconds
  Import took 0.045178 seconds .

========================================================================
Received Import Request.
  Time since last request: 0.000336 seconds.
  path: Assets/48 Particle Effect Pack/Texture/Light.png
  artifactKey: Guid(819aec5e686506c4e8b8f192fa603d73) Importer(815301076,1909f56bfc062723c751e8b465ee728b)
Start importing Assets/48 Particle Effect Pack/Texture/Light.png using Guid(819aec5e686506c4e8b8f192fa603d73) Importer(815301076,1909f56bfc062723c751e8b465ee728b)  -> (artifact id: '68a76d70484a89c431aa4c2752608f01') in 0.299792 seconds
  Import took 0.301880 seconds .

========================================================================
Received Import Request.
  Time since last request: 0.000295 seconds.
  path: Assets/48 Particle Effect Pack/Texture/Ring7.png
  artifactKey: Guid(3f7c9e5b6548753419617ed8900f94eb) Importer(815301076,1909f56bfc062723c751e8b465ee728b)
Start importing Assets/48 Particle Effect Pack/Texture/Ring7.png using Guid(3f7c9e5b6548753419617ed8900f94eb) Importer(815301076,1909f56bfc062723c751e8b465ee728b)  -> (artifact id: '810d53ce46ecb7cc255a0b5b273722bb') in 0.067736 seconds
  Import took 0.070206 seconds .

========================================================================
Received Import Request.
  Time since last request: 0.000360 seconds.
  path: Assets/48 Particle Effect Pack/Texture/Lightning.png
  artifactKey: Guid(cffd233e58173024bbe7c23490a7660c) Importer(815301076,1909f56bfc062723c751e8b465ee728b)
Start importing Assets/48 Particle Effect Pack/Texture/Lightning.png using Guid(cffd233e58173024bbe7c23490a7660c) Importer(815301076,1909f56bfc062723c751e8b465ee728b)  -> (artifact id: 'd1bbfea83fbe030906931910c334cc8c') in 0.467153 seconds
  Import took 0.469358 seconds .

========================================================================
Received Import Request.
  Time since last request: 0.000299 seconds.
  path: Assets/48 Particle Effect Pack/Texture/Lightning4.png
  artifactKey: Guid(6ad0f998e7e81fe4199709bef1a9aad4) Importer(815301076,1909f56bfc062723c751e8b465ee728b)
Start importing Assets/48 Particle Effect Pack/Texture/Lightning4.png using Guid(6ad0f998e7e81fe4199709bef1a9aad4) Importer(815301076,1909f56bfc062723c751e8b465ee728b)  -> (artifact id: 'd95df7f9ecf7e46dcbf754964889fdac') in 0.010545 seconds
  Import took 0.012526 seconds .

========================================================================
Received Import Request.
  Time since last request: 0.000312 seconds.
  path: Assets/48 Particle Effect Pack/Texture/Smoke4.png
  artifactKey: Guid(e0ef42bd14be7b94e9a8b519bbf259e3) Importer(815301076,1909f56bfc062723c751e8b465ee728b)
Start importing Assets/48 Particle Effect Pack/Texture/Smoke4.png using Guid(e0ef42bd14be7b94e9a8b519bbf259e3) Importer(815301076,1909f56bfc062723c751e8b465ee728b)  -> (artifact id: 'ec4905a6c67c901c4e6308981dfd18fe') in 0.761813 seconds
  Import took 0.763621 seconds .

========================================================================
Received Import Request.
  Time since last request: 0.000266 seconds.
  path: Assets/48 Particle Effect Pack/Texture/Lightning5.png
  artifactKey: Guid(60d2b94570135b64196cc1ad5d608959) Importer(815301076,1909f56bfc062723c751e8b465ee728b)
Start importing Assets/48 Particle Effect Pack/Texture/Lightning5.png using Guid(60d2b94570135b64196cc1ad5d608959) Importer(815301076,1909f56bfc062723c751e8b465ee728b)  -> (artifact id: 'de17eef09d50b2fe916164da7cd54919') in 0.599498 seconds
  Import took 0.601233 seconds .

========================================================================
Received Import Request.
  Time since last request: 0.000285 seconds.
  path: Assets/48 Particle Effect Pack/Texture/Ring.png
  artifactKey: Guid(0a8ce75c58f6c1b499b6a61e26e4b991) Importer(815301076,1909f56bfc062723c751e8b465ee728b)
Start importing Assets/48 Particle Effect Pack/Texture/Ring.png using Guid(0a8ce75c58f6c1b499b6a61e26e4b991) Importer(815301076,1909f56bfc062723c751e8b465ee728b)  -> (artifact id: 'd5224244e51957dada8881b888840891') in 0.010735 seconds
  Import took 0.012931 seconds .

========================================================================
Received Import Request.
  Time since last request: 0.000311 seconds.
  path: Assets/48 Particle Effect Pack/Texture/Star2.png
  artifactKey: Guid(300894ea081c5214297ef8f895370324) Importer(815301076,1909f56bfc062723c751e8b465ee728b)
Start importing Assets/48 Particle Effect Pack/Texture/Star2.png using Guid(300894ea081c5214297ef8f895370324) Importer(815301076,1909f56bfc062723c751e8b465ee728b)  -> (artifact id: '538457320f96ae421a7b061d590eaeb5') in 0.270469 seconds
  Import took 0.272515 seconds .

========================================================================
Received Import Request.
  Time since last request: 0.000293 seconds.
  path: Assets/48 Particle Effect Pack/Texture/Spark3.png
  artifactKey: Guid(b1e16ae540097534e83802d747296d58) Importer(815301076,1909f56bfc062723c751e8b465ee728b)
Start importing Assets/48 Particle Effect Pack/Texture/Spark3.png using Guid(b1e16ae540097534e83802d747296d58) Importer(815301076,1909f56bfc062723c751e8b465ee728b)  -> (artifact id: '7156ebc322664ad71b84418c9982388e') in 0.396589 seconds
  Import took 0.398583 seconds .

========================================================================
Received Import Request.
  Time since last request: 0.000312 seconds.
  path: Assets/48 Particle Effect Pack/Texture/Flash4.png
  artifactKey: Guid(821a9b4a2d5829841a260abb253abff2) Importer(815301076,1909f56bfc062723c751e8b465ee728b)
Start importing Assets/48 Particle Effect Pack/Texture/Flash4.png using Guid(821a9b4a2d5829841a260abb253abff2) Importer(815301076,1909f56bfc062723c751e8b465ee728b)  -> (artifact id: 'bfe6ef7fd85ea072e471cf4e533dd392') in 0.308765 seconds
  Import took 0.310557 seconds .

========================================================================
Received Import Request.
  Time since last request: 0.000254 seconds.
  path: Assets/48 Particle Effect Pack/Texture/Spark5.png
  artifactKey: Guid(8c17e8a7fd22fea4b9f9c78d0114a1e0) Importer(815301076,1909f56bfc062723c751e8b465ee728b)
Start importing Assets/48 Particle Effect Pack/Texture/Spark5.png using Guid(8c17e8a7fd22fea4b9f9c78d0114a1e0) Importer(815301076,1909f56bfc062723c751e8b465ee728b)  -> (artifact id: '4a8226cc0c1c596c136517bba0748704') in 0.010328 seconds
  Import took 0.012204 seconds .

========================================================================
Received Import Request.
  Time since last request: 0.000306 seconds.
  path: Assets/48 Particle Effect Pack/Texture/SnowCrystal2.png
  artifactKey: Guid(8d3ea6acae949a443a8e426963668ac4) Importer(815301076,1909f56bfc062723c751e8b465ee728b)
Start importing Assets/48 Particle Effect Pack/Texture/SnowCrystal2.png using Guid(8d3ea6acae949a443a8e426963668ac4) Importer(815301076,1909f56bfc062723c751e8b465ee728b)  -> (artifact id: '3137a6b93ac5262b221f4d49dcb91a01') in 0.011529 seconds
  Import took 0.013543 seconds .

========================================================================
Received Import Request.
  Time since last request: 0.000323 seconds.
  path: Assets/48 Particle Effect Pack/Texture/Spark7.png
  artifactKey: Guid(f39a3fcecd775874da287edb5e40155e) Importer(815301076,1909f56bfc062723c751e8b465ee728b)
Start importing Assets/48 Particle Effect Pack/Texture/Spark7.png using Guid(f39a3fcecd775874da287edb5e40155e) Importer(815301076,1909f56bfc062723c751e8b465ee728b)  -> (artifact id: 'fad76e26e96ba2345280e595ab085d7e') in 0.190641 seconds
  Import took 0.193192 seconds .

========================================================================
Received Import Request.
  Time since last request: 0.000272 seconds.
  path: Assets/48 Particle Effect Pack/Texture/Mark.png
  artifactKey: Guid(8419e126ae7223744889caf3b783f83f) Importer(815301076,1909f56bfc062723c751e8b465ee728b)
Start importing Assets/48 Particle Effect Pack/Texture/Mark.png using Guid(8419e126ae7223744889caf3b783f83f) Importer(815301076,1909f56bfc062723c751e8b465ee728b)  -> (artifact id: 'efed689dbf7699b54207cbbdb0c39f4e') in 0.140455 seconds
  Import took 0.142922 seconds .

========================================================================
Received Import Request.
  Time since last request: 0.000344 seconds.
  path: Assets/TextMesh Pro/Sprites/EmojiOne.png
  artifactKey: Guid(dffef66376be4fa480fb02b19edbe903) Importer(815301076,1909f56bfc062723c751e8b465ee728b)
Start importing Assets/TextMesh Pro/Sprites/EmojiOne.png using Guid(dffef66376be4fa480fb02b19edbe903) Importer(815301076,1909f56bfc062723c751e8b465ee728b)  -> (artifact id: '481be0b2c7934382d08faed3ed54bb2b') in 0.011091 seconds
  Import took 0.013469 seconds .

========================================================================
Received Import Request.
  Time since last request: 0.000269 seconds.
  path: Assets/48 Particle Effect Pack/Texture/SnowCrystal.png
  artifactKey: Guid(6b429bf37702fd44dbdd6836556c6a3d) Importer(815301076,1909f56bfc062723c751e8b465ee728b)
Start importing Assets/48 Particle Effect Pack/Texture/SnowCrystal.png using Guid(6b429bf37702fd44dbdd6836556c6a3d) Importer(815301076,1909f56bfc062723c751e8b465ee728b)  -> (artifact id: '222868e5a3f5ab96f78adc9339dda407') in 0.009828 seconds
  Import took 0.012951 seconds .

========================================================================
Received Import Request.
  Time since last request: 0.000280 seconds.
  path: Assets/48 Particle Effect Pack/Texture/Light3.png
  artifactKey: Guid(21e7cca3db79df04c98c4e1930377131) Importer(815301076,1909f56bfc062723c751e8b465ee728b)
Start importing Assets/48 Particle Effect Pack/Texture/Light3.png using Guid(21e7cca3db79df04c98c4e1930377131) Importer(815301076,1909f56bfc062723c751e8b465ee728b)  -> (artifact id: '1dd0e37ce0148cea7c5ce9b77ca2d65b') in 0.652620 seconds
  Import took 0.654800 seconds .

========================================================================
Received Import Request.
  Time since last request: 0.000231 seconds.
  path: Assets/TextMesh Pro/Fonts/LiberationSans.ttf
  artifactKey: Guid(e3265ab4bf004d28a9537516768c1c75) Importer(815301076,1909f56bfc062723c751e8b465ee728b)
Start importing Assets/TextMesh Pro/Fonts/LiberationSans.ttf using Guid(e3265ab4bf004d28a9537516768c1c75) Importer(815301076,1909f56bfc062723c751e8b465ee728b)  -> (artifact id: 'aa208cb325200d721fe22e5fac627786') in 0.485763 seconds
  Import took 0.488377 seconds .

========================================================================
Received Import Request.
  Time since last request: 0.000301 seconds.
  path: Assets/48 Particle Effect Pack/Texture/Ring6.png
  artifactKey: Guid(eca4d07c19aa13042a10b8519bfa55b7) Importer(815301076,1909f56bfc062723c751e8b465ee728b)
Start importing Assets/48 Particle Effect Pack/Texture/Ring6.png using Guid(eca4d07c19aa13042a10b8519bfa55b7) Importer(815301076,1909f56bfc062723c751e8b465ee728b)  -> (artifact id: 'a37235164141e32a4a63083012567069') in 0.056417 seconds
  Import took 0.058793 seconds .

========================================================================
Received Import Request.
  Time since last request: 0.000330 seconds.
  path: Assets/48 Particle Effect Pack/Texture/Smoke3.png
  artifactKey: Guid(2ad702468b9129b41b3d8fcf192a5fb0) Importer(815301076,1909f56bfc062723c751e8b465ee728b)
Start importing Assets/48 Particle Effect Pack/Texture/Smoke3.png using Guid(2ad702468b9129b41b3d8fcf192a5fb0) Importer(815301076,1909f56bfc062723c751e8b465ee728b)  -> (artifact id: 'cf915d0291e6392afd0c41a29aaf6ab6') in 0.482242 seconds
  Import took 0.484753 seconds .

========================================================================
Received Import Request.
  Time since last request: 0.000245 seconds.
  path: Assets/48 Particle Effect Pack/Texture/Smoke.png
  artifactKey: Guid(85771cdbea868434b9ad8fd80b0c047d) Importer(815301076,1909f56bfc062723c751e8b465ee728b)
Start importing Assets/48 Particle Effect Pack/Texture/Smoke.png using Guid(85771cdbea868434b9ad8fd80b0c047d) Importer(815301076,1909f56bfc062723c751e8b465ee728b)  -> (artifact id: '9729e8291f0983bfb4f5449d2cd28b6b') in 0.942908 seconds
  Import took 0.945234 seconds .

========================================================================
Received Import Request.
  Time since last request: 0.000274 seconds.
  path: Assets/48 Particle Effect Pack/Texture/Flash2.png
  artifactKey: Guid(30c1daeec32b54b46b7603c40dd9dc8c) Importer(815301076,1909f56bfc062723c751e8b465ee728b)
Start importing Assets/48 Particle Effect Pack/Texture/Flash2.png using Guid(30c1daeec32b54b46b7603c40dd9dc8c) Importer(815301076,1909f56bfc062723c751e8b465ee728b)  -> (artifact id: '3a4759713e7afe8807891c8c91a99261') in 0.462346 seconds
  Import took 0.464650 seconds .

========================================================================
Received Import Request.
  Time since last request: 0.000273 seconds.
  path: Assets/48 Particle Effect Pack/Texture/Smoke2.png
  artifactKey: Guid(fc8e05fc31f206243aeaa6b94e07d606) Importer(815301076,1909f56bfc062723c751e8b465ee728b)
Start importing Assets/48 Particle Effect Pack/Texture/Smoke2.png using Guid(fc8e05fc31f206243aeaa6b94e07d606) Importer(815301076,1909f56bfc062723c751e8b465ee728b)  -> (artifact id: '0592052793c1881f93da4045d03d9b06') in 0.019831 seconds
  Import took 0.021856 seconds .

========================================================================
Received Import Request.
  Time since last request: 0.000394 seconds.
  path: Assets/48 Particle Effect Pack/Texture/Flash.png
  artifactKey: Guid(0a2867ff4999dd940b4f11bd7c7570b2) Importer(815301076,1909f56bfc062723c751e8b465ee728b)
Start importing Assets/48 Particle Effect Pack/Texture/Flash.png using Guid(0a2867ff4999dd940b4f11bd7c7570b2) Importer(815301076,1909f56bfc062723c751e8b465ee728b)  -> (artifact id: 'f6020a93ca8b9545238f25c48a0cda90') in 1.349082 seconds
  Import took 1.351365 seconds .

========================================================================
Received Import Request.
  Time since last request: 0.000333 seconds.
  path: Assets/48 Particle Effect Pack/Texture/Spark6.png
  artifactKey: Guid(efe3c48ad209d0b4c91c9970c382125e) Importer(815301076,1909f56bfc062723c751e8b465ee728b)
Start importing Assets/48 Particle Effect Pack/Texture/Spark6.png using Guid(efe3c48ad209d0b4c91c9970c382125e) Importer(815301076,1909f56bfc062723c751e8b465ee728b)  -> (artifact id: '26882453a4596c3980316c73a7f749eb') in 0.349944 seconds
  Import took 0.352202 seconds .

========================================================================
Received Import Request.
  Time since last request: 0.000290 seconds.
  path: Assets/48 Particle Effect Pack/Texture/Star3.png
  artifactKey: Guid(fc23b9925e1da294da3fb813e68d4fc3) Importer(815301076,1909f56bfc062723c751e8b465ee728b)
Start importing Assets/48 Particle Effect Pack/Texture/Star3.png using Guid(fc23b9925e1da294da3fb813e68d4fc3) Importer(815301076,1909f56bfc062723c751e8b465ee728b)  -> (artifact id: 'd3d4adb9aeecd5521c3ca5e0ce393b03') in 0.010726 seconds
  Import took 0.013797 seconds .

========================================================================
Received Import Request.
  Time since last request: 4.069775 seconds.
  path: Assets/Scenes
  artifactKey: Guid(ccb55ecad90c6f940a6b505cc4200ae6) Importer(815301076,1909f56bfc062723c751e8b465ee728b)
Start importing Assets/Scenes using Guid(ccb55ecad90c6f940a6b505cc4200ae6) Importer(815301076,1909f56bfc062723c751e8b465ee728b)  -> (artifact id: 'ed9002ce14aeb160275c72e1f89c2f8f') in 0.006505 seconds
  Import took 0.009628 seconds .

========================================================================
Received Import Request.
  Time since last request: 153.860675 seconds.
  path: Assets/New Terrain.asset
  artifactKey: Guid(cabc2ae843507e94c893f68a087693a3) Importer(815301076,1909f56bfc062723c751e8b465ee728b)
Start importing Assets/New Terrain.asset using Guid(cabc2ae843507e94c893f68a087693a3) Importer(815301076,1909f56bfc062723c751e8b465ee728b)  -> (artifact id: 'a0ebdd78b27c497ab45f6e6d54c8f176') in 10.899921 seconds
  Import took 10.902808 seconds .

========================================================================
Received Import Request.
  Time since last request: 0.000639 seconds.
  path: Assets/Materials/FinishPlatformMat.mat
  artifactKey: Guid(8cf95b22b1af8754f8f31a132bb29ae5) Importer(815301076,1909f56bfc062723c751e8b465ee728b)
Start importing Assets/Materials/FinishPlatformMat.mat using Guid(8cf95b22b1af8754f8f31a132bb29ae5) Importer(815301076,1909f56bfc062723c751e8b465ee728b)  -> (artifact id: 'ad9ba0e6c6588b0cd384ed1e71b125f4') in 1.469335 seconds
  Import took 1.473477 seconds .

========================================================================
Received Import Request.
  Time since last request: 0.000320 seconds.
  path: Assets/Materials/BallMat.mat
  artifactKey: Guid(011bf6e340682414eaba53be3e2efb74) Importer(815301076,1909f56bfc062723c751e8b465ee728b)
Start importing Assets/Materials/BallMat.mat using Guid(011bf6e340682414eaba53be3e2efb74) Importer(815301076,1909f56bfc062723c751e8b465ee728b)  -> (artifact id: '843d26b035a909b25c9ab2236bd4d697') in 0.161368 seconds
  Import took 0.163956 seconds .

========================================================================
Received Import Request.
  Time since last request: 0.000313 seconds.
  path: Assets/Materials/Wall.mat
  artifactKey: Guid(4006e66676795b041857005a06274da0) Importer(815301076,1909f56bfc062723c751e8b465ee728b)
Start importing Assets/Materials/Wall.mat using Guid(4006e66676795b041857005a06274da0) Importer(815301076,1909f56bfc062723c751e8b465ee728b)  -> (artifact id: '547d41ac767591c133a01f8bfd2ad1fe') in 0.433532 seconds
  Import took 0.435899 seconds .

========================================================================
Received Import Request.
  Time since last request: 0.000270 seconds.
  path: Assets/Materials
  artifactKey: Guid(61fc6ebc012a9214598ea02e5b258b96) Importer(815301076,1909f56bfc062723c751e8b465ee728b)
Start importing Assets/Materials using Guid(61fc6ebc012a9214598ea02e5b258b96) Importer(815301076,1909f56bfc062723c751e8b465ee728b)  -> (artifact id: 'cf169878dca8189b41227d5451f94e83') in 0.007182 seconds
  Import took 0.010033 seconds .

========================================================================
Received Prepare
Registering precompiled user dll's ...
Registered in 0.000812 seconds.
Begin MonoManager ReloadAssembly
Native extension for WindowsStandalone target not found
Refreshing native plugins compatible for Editor in 0.21 ms, found 0 plugins.
Preloading 0 native plugins for Editor in 0.00 ms.
Mono: successfully reloaded assembly
- Completed reload, in  2.353 seconds
Platform modules already initialized, skipping
Refreshing native plugins compatible for Editor in 0.32 ms, found 0 plugins.
Preloading 0 native plugins for Editor in 0.00 ms.
Unloading 1119 Unused Serialized files (Serialized files now loaded: 0)
System memory in use before: 62.6 MB.
System memory in use after: 62.1 MB.

Unloading 6 unused Assets to reduce memory usage. Loaded Objects now: 1637.
Total: 2.173400 ms (FindLiveObjects: 0.237000 ms CreateObjectMapping: 0.087200 ms MarkObjects: 1.491900 ms  DeleteObjects: 0.355700 ms)

========================================================================
Received Import Request.
  Time since last request: 112.865196 seconds.
  path: Assets/New Terrain.asset
  artifactKey: Guid(cabc2ae843507e94c893f68a087693a3) Importer(815301076,1909f56bfc062723c751e8b465ee728b)
Start importing Assets/New Terrain.asset using Guid(cabc2ae843507e94c893f68a087693a3) Importer(815301076,1909f56bfc062723c751e8b465ee728b)  -> (artifact id: '270b1fc1f5e94ad7f284133b432b9d52') in 1.924349 seconds
  Import took 1.926777 seconds .

========================================================================
Received Import Request.
  Time since last request: 0.000291 seconds.
  path: Assets/Textures
  artifactKey: Guid(153adf9705ec8fa468b7e6e8386b3ea8) Importer(815301076,1909f56bfc062723c751e8b465ee728b)
Start importing Assets/Textures using Guid(153adf9705ec8fa468b7e6e8386b3ea8) Importer(815301076,1909f56bfc062723c751e8b465ee728b)  -> (artifact id: '3bb7140bbff33e4d657b025bcc8e1ea9') in 0.004647 seconds
  Import took 0.006405 seconds .

========================================================================
Received Import Request.
  Time since last request: 83.594910 seconds.
  path: Assets/TerrainTexturesPackFree
  artifactKey: Guid(05bbad8fe2afd684ea34c309149a06eb) Importer(815301076,1909f56bfc062723c751e8b465ee728b)
Start importing Assets/TerrainTexturesPackFree using Guid(05bbad8fe2afd684ea34c309149a06eb) Importer(815301076,1909f56bfc062723c751e8b465ee728b)  -> (artifact id: '4b2459e3e4f45b68685f922231252b8c') in 0.030364 seconds
  Import took 0.032726 seconds .

========================================================================
Received Import Request.
  Time since last request: 1.453952 seconds.
  path: Assets/TerrainTexturesPackFree/TerrainTextures
  artifactKey: Guid(420ce52555ac5fd4581d02d8662ac746) Importer(815301076,1909f56bfc062723c751e8b465ee728b)
Start importing Assets/TerrainTexturesPackFree/TerrainTextures using Guid(420ce52555ac5fd4581d02d8662ac746) Importer(815301076,1909f56bfc062723c751e8b465ee728b)  -> (artifact id: 'ad16ad18d804c99290c78c19d1a16186') in 0.005794 seconds
  Import took 0.008266 seconds .

========================================================================
Received Import Request.
  Time since last request: 0.001055 seconds.
  path: Assets/TerrainTexturesPackFree/TerrainTextures
  artifactKey: Guid(420ce52555ac5fd4581d02d8662ac746) Importer(815301076,1909f56bfc062723c751e8b465ee728b)
Start importing Assets/TerrainTexturesPackFree/TerrainTextures using Guid(420ce52555ac5fd4581d02d8662ac746) Importer(815301076,1909f56bfc062723c751e8b465ee728b)  -> (artifact id: 'ad16ad18d804c99290c78c19d1a16186') in 0.004106 seconds
  Import took 0.005974 seconds .

========================================================================
Received Import Request.
  Time since last request: 0.093614 seconds.
  path: Assets/TerrainTexturesPackFree/TerrainTextures/GrassUV01.png
  artifactKey: Guid(94e5dd2784ae3a44a930dba86cba9f6e) Importer(815301076,1909f56bfc062723c751e8b465ee728b)
Start importing Assets/TerrainTexturesPackFree/TerrainTextures/GrassUV01.png using Guid(94e5dd2784ae3a44a930dba86cba9f6e) Importer(815301076,1909f56bfc062723c751e8b465ee728b)  -> (artifact id: '0ffe234b3c38205d668b3c23e47cba99') in 0.192970 seconds
  Import took 0.198404 seconds .

========================================================================
Received Import Request.
  Time since last request: 0.000298 seconds.
  path: Assets/TerrainTexturesPackFree/TerrainTextures/GroundCracked01_N.png
  artifactKey: Guid(9511ab33cd5f6724f8c31c380a4814af) Importer(815301076,1909f56bfc062723c751e8b465ee728b)
Start importing Assets/TerrainTexturesPackFree/TerrainTextures/GroundCracked01_N.png using Guid(9511ab33cd5f6724f8c31c380a4814af) Importer(815301076,1909f56bfc062723c751e8b465ee728b)  -> (artifact id: '4167ac126e0ee0b04358db53e0ce33c7') in 0.203138 seconds
  Import took 0.205447 seconds .

========================================================================
Received Import Request.
  Time since last request: 0.000252 seconds.
  path: Assets/TerrainTexturesPackFree/TerrainTextures/GroundStones01_N.png
  artifactKey: Guid(63312008529ed1d4bab4d57c204bae7a) Importer(815301076,1909f56bfc062723c751e8b465ee728b)
Start importing Assets/TerrainTexturesPackFree/TerrainTextures/GroundStones01_N.png using Guid(63312008529ed1d4bab4d57c204bae7a) Importer(815301076,1909f56bfc062723c751e8b465ee728b)  -> (artifact id: 'ae294dd5e030addae2f12fd2103b8abc') in 0.038849 seconds
  Import took 0.043501 seconds .

========================================================================
Received Import Request.
  Time since last request: 0.000203 seconds.
  path: Assets/TerrainTexturesPackFree/TerrainTextures/GroundDryLeaves01_N.png
  artifactKey: Guid(e39dfb80d9815f14da82c65960519b23) Importer(815301076,1909f56bfc062723c751e8b465ee728b)
Start importing Assets/TerrainTexturesPackFree/TerrainTextures/GroundDryLeaves01_N.png using Guid(e39dfb80d9815f14da82c65960519b23) Importer(815301076,1909f56bfc062723c751e8b465ee728b)  -> (artifact id: 'ea23f911d001bb5587f0693556d546bb') in 0.044592 seconds
  Import took 0.047655 seconds .

========================================================================
Received Import Request.
  Time since last request: 0.000232 seconds.
  path: Assets/TerrainTexturesPackFree/TerrainTextures/GrassUV02.png
  artifactKey: Guid(bafadcf258df85b4686863cbaa688fba) Importer(815301076,1909f56bfc062723c751e8b465ee728b)
Start importing Assets/TerrainTexturesPackFree/TerrainTextures/GrassUV02.png using Guid(bafadcf258df85b4686863cbaa688fba) Importer(815301076,1909f56bfc062723c751e8b465ee728b)  -> (artifact id: '3cb9e722835ad7b0cb8e6fd093a91d98') in 0.079683 seconds
  Import took 0.084309 seconds .

========================================================================
Received Import Request.
  Time since last request: 0.000208 seconds.
  path: Assets/TerrainTexturesPackFree/TerrainTextures/GroundDryLeaves01.png
  artifactKey: Guid(3f893818068c13c498261af150bea6f3) Importer(815301076,1909f56bfc062723c751e8b465ee728b)
Start importing Assets/TerrainTexturesPackFree/TerrainTextures/GroundDryLeaves01.png using Guid(3f893818068c13c498261af150bea6f3) Importer(815301076,1909f56bfc062723c751e8b465ee728b)  -> (artifact id: 'c524ca632e2785b17ab28ac8d037fab9') in 0.047422 seconds
  Import took 0.050825 seconds .

========================================================================
Received Import Request.
  Time since last request: 0.000302 seconds.
  path: Assets/TerrainTexturesPackFree/TerrainTextures/GrassUV02_N.png
  artifactKey: Guid(db6b5112f8b3bcf478707e82ef048e88) Importer(815301076,1909f56bfc062723c751e8b465ee728b)
Start importing Assets/TerrainTexturesPackFree/TerrainTextures/GrassUV02_N.png using Guid(db6b5112f8b3bcf478707e82ef048e88) Importer(815301076,1909f56bfc062723c751e8b465ee728b)  -> (artifact id: 'f04e354f28aa46be38907ea5f5ca3bd0') in 0.096871 seconds
  Import took 0.109479 seconds .

========================================================================
Received Import Request.
  Time since last request: 0.000302 seconds.
  path: Assets/TerrainTexturesPackFree/TerrainTextures/GroundStones01.png
  artifactKey: Guid(17405fba9d20b47408239b3e82d60232) Importer(815301076,1909f56bfc062723c751e8b465ee728b)
Start importing Assets/TerrainTexturesPackFree/TerrainTextures/GroundStones01.png using Guid(17405fba9d20b47408239b3e82d60232) Importer(815301076,1909f56bfc062723c751e8b465ee728b)  -> (artifact id: '63434eadb842264be2908ff648f01b68') in 0.041025 seconds
  Import took 0.046547 seconds .

========================================================================
Received Import Request.
  Time since last request: 0.000360 seconds.
  path: Assets/TerrainTexturesPackFree/TerrainTextures/GroundCracked01.png
  artifactKey: Guid(a87cbf62329d56d4681d92302095915c) Importer(815301076,1909f56bfc062723c751e8b465ee728b)
Start importing Assets/TerrainTexturesPackFree/TerrainTextures/GroundCracked01.png using Guid(a87cbf62329d56d4681d92302095915c) Importer(815301076,1909f56bfc062723c751e8b465ee728b)  -> (artifact id: '1944af45306145d0057185f052254019') in 0.021673 seconds
  Import took 0.025165 seconds .

========================================================================
Received Import Request.
  Time since last request: 0.000348 seconds.
  path: Assets/TerrainTexturesPackFree/TerrainTextures/GrassUV01_N.png
  artifactKey: Guid(77f758ad16f6580469ca8f42205f7b78) Importer(815301076,1909f56bfc062723c751e8b465ee728b)
Start importing Assets/TerrainTexturesPackFree/TerrainTextures/GrassUV01_N.png using Guid(77f758ad16f6580469ca8f42205f7b78) Importer(815301076,1909f56bfc062723c751e8b465ee728b)  -> (artifact id: '677ef1e3335ac5f06ecd51baf9758f3e') in 0.104713 seconds
  Import took 0.116146 seconds .

========================================================================
Received Import Request.
  Time since last request: 502.519920 seconds.
  path: Assets/Textures/NewLayer 1.terrainlayer
  artifactKey: Guid(661677cc1d560fb4f84e4ed4206f3278) Importer(815301076,1909f56bfc062723c751e8b465ee728b)
Start importing Assets/Textures/NewLayer 1.terrainlayer using Guid(661677cc1d560fb4f84e4ed4206f3278) Importer(815301076,1909f56bfc062723c751e8b465ee728b)  -> (artifact id: 'bcb86bdcc674d8920a8c8111d2031c65') in 0.084060 seconds
  Import took 0.089365 seconds .

========================================================================
Received Import Request.
  Time since last request: 0.000280 seconds.
  path: Assets/Textures/NewLayer 2.terrainlayer
  artifactKey: Guid(afdf21a61554f894ab820b09706ba150) Importer(815301076,1909f56bfc062723c751e8b465ee728b)
Start importing Assets/Textures/NewLayer 2.terrainlayer using Guid(afdf21a61554f894ab820b09706ba150) Importer(815301076,1909f56bfc062723c751e8b465ee728b)  -> (artifact id: '15eaf67e841e35590da0ee9b5c54369a') in 0.010823 seconds
  Import took 0.013227 seconds .

========================================================================
Received Import Request.
  Time since last request: 0.000278 seconds.
  path: Assets/Textures/NewLayer.terrainlayer
  artifactKey: Guid(7892f30e6b57f1747bd412a41f8639ff) Importer(815301076,1909f56bfc062723c751e8b465ee728b)
Start importing Assets/Textures/NewLayer.terrainlayer using Guid(7892f30e6b57f1747bd412a41f8639ff) Importer(815301076,1909f56bfc062723c751e8b465ee728b)  -> (artifact id: '8799edcdb0b6c1fd0f671580c9eb4ceb') in 0.110498 seconds
  Import took 0.119458 seconds .

========================================================================
Received Prepare
Registering precompiled user dll's ...
Registered in 0.001131 seconds.
Begin MonoManager ReloadAssembly
Native extension for WindowsStandalone target not found
Refreshing native plugins compatible for Editor in 0.29 ms, found 0 plugins.
Preloading 0 native plugins for Editor in 0.00 ms.
Mono: successfully reloaded assembly
- Completed reload, in  0.930 seconds
Platform modules already initialized, skipping
Refreshing native plugins compatible for Editor in 0.24 ms, found 0 plugins.
Preloading 0 native plugins for Editor in 0.00 ms.
Unloading 1119 Unused Serialized files (Serialized files now loaded: 0)
System memory in use before: 62.7 MB.
System memory in use after: 62.2 MB.

Unloading 6 unused Assets to reduce memory usage. Loaded Objects now: 1644.
Total: 2.462300 ms (FindLiveObjects: 0.151200 ms CreateObjectMapping: 0.045000 ms MarkObjects: 1.846700 ms  DeleteObjects: 0.417800 ms)

========================================================================
Received Prepare
Registering precompiled user dll's ...
Registered in 0.000921 seconds.
Begin MonoManager ReloadAssembly
Native extension for WindowsStandalone target not found
Refreshing native plugins compatible for Editor in 0.36 ms, found 0 plugins.
Preloading 0 native plugins for Editor in 0.00 ms.
Mono: successfully reloaded assembly
- Completed reload, in  0.907 seconds
Platform modules already initialized, skipping
Refreshing native plugins compatible for Editor in 0.23 ms, found 0 plugins.
Preloading 0 native plugins for Editor in 0.00 ms.
Unloading 1119 Unused Serialized files (Serialized files now loaded: 0)
System memory in use before: 62.1 MB.
System memory in use after: 62.2 MB.

Unloading 4 unused Assets to reduce memory usage. Loaded Objects now: 1647.
Total: 1.807700 ms (FindLiveObjects: 0.162700 ms CreateObjectMapping: 0.052100 ms MarkObjects: 1.573300 ms  DeleteObjects: 0.018000 ms)

========================================================================
Received Prepare
Registering precompiled user dll's ...
Registered in 0.000978 seconds.
Begin MonoManager ReloadAssembly
Native extension for WindowsStandalone target not found
Refreshing native plugins compatible for Editor in 0.20 ms, found 0 plugins.
Preloading 0 native plugins for Editor in 0.00 ms.
Mono: successfully reloaded assembly
- Completed reload, in  0.742 seconds
Platform modules already initialized, skipping
Refreshing native plugins compatible for Editor in 0.22 ms, found 0 plugins.
Preloading 0 native plugins for Editor in 0.00 ms.
Unloading 1119 Unused Serialized files (Serialized files now loaded: 0)
System memory in use before: 62.1 MB.
System memory in use after: 62.2 MB.

Unloading 4 unused Assets to reduce memory usage. Loaded Objects now: 1650.
Total: 1.700000 ms (FindLiveObjects: 0.139200 ms CreateObjectMapping: 0.036000 ms MarkObjects: 1.511100 ms  DeleteObjects: 0.012500 ms)

========================================================================
Received Prepare
Registering precompiled user dll's ...
Registered in 0.000996 seconds.
Begin MonoManager ReloadAssembly
Native extension for WindowsStandalone target not found
Refreshing native plugins compatible for Editor in 0.26 ms, found 0 plugins.
Preloading 0 native plugins for Editor in 0.00 ms.
Mono: successfully reloaded assembly
- Completed reload, in  0.890 seconds
Platform modules already initialized, skipping
Refreshing native plugins compatible for Editor in 0.23 ms, found 0 plugins.
Preloading 0 native plugins for Editor in 0.00 ms.
Unloading 1119 Unused Serialized files (Serialized files now loaded: 0)
System memory in use before: 62.2 MB.
System memory in use after: 62.3 MB.

Unloading 4 unused Assets to reduce memory usage. Loaded Objects now: 1653.
Total: 1.895700 ms (FindLiveObjects: 0.235800 ms CreateObjectMapping: 0.077800 ms MarkObjects: 1.541000 ms  DeleteObjects: 0.039300 ms)

========================================================================
Received Prepare
Registering precompiled user dll's ...
Registered in 0.002313 seconds.
Begin MonoManager ReloadAssembly
Native extension for WindowsStandalone target not found
Refreshing native plugins compatible for Editor in 0.21 ms, found 0 plugins.
Preloading 0 native plugins for Editor in 0.00 ms.
Mono: successfully reloaded assembly
- Completed reload, in  0.869 seconds
Platform modules already initialized, skipping
Refreshing native plugins compatible for Editor in 0.22 ms, found 0 plugins.
Preloading 0 native plugins for Editor in 0.00 ms.
Unloading 1119 Unused Serialized files (Serialized files now loaded: 0)
System memory in use before: 62.2 MB.
System memory in use after: 62.3 MB.

Unloading 4 unused Assets to reduce memory usage. Loaded Objects now: 1656.
Total: 2.130000 ms (FindLiveObjects: 0.161200 ms CreateObjectMapping: 0.045300 ms MarkObjects: 1.908100 ms  DeleteObjects: 0.014300 ms)

========================================================================
Received Prepare
Registering precompiled user dll's ...
Registered in 0.000960 seconds.
Begin MonoManager ReloadAssembly
Native extension for WindowsStandalone target not found
Refreshing native plugins compatible for Editor in 0.21 ms, found 0 plugins.
Preloading 0 native plugins for Editor in 0.00 ms.
Mono: successfully reloaded assembly
- Completed reload, in  0.758 seconds
Platform modules already initialized, skipping
Refreshing native plugins compatible for Editor in 0.20 ms, found 0 plugins.
Preloading 0 native plugins for Editor in 0.00 ms.
Unloading 1119 Unused Serialized files (Serialized files now loaded: 0)
System memory in use before: 62.2 MB.
System memory in use after: 62.3 MB.

Unloading 4 unused Assets to reduce memory usage. Loaded Objects now: 1659.
Total: 1.712600 ms (FindLiveObjects: 0.140500 ms CreateObjectMapping: 0.037900 ms MarkObjects: 1.519600 ms  DeleteObjects: 0.012600 ms)

========================================================================
Received Prepare
Registering precompiled user dll's ...
Registered in 0.000861 seconds.
Begin MonoManager ReloadAssembly
Native extension for WindowsStandalone target not found
Refreshing native plugins compatible for Editor in 0.20 ms, found 0 plugins.
Preloading 0 native plugins for Editor in 0.00 ms.
Mono: successfully reloaded assembly
- Completed reload, in  0.753 seconds
Platform modules already initialized, skipping
Refreshing native plugins compatible for Editor in 0.21 ms, found 0 plugins.
Preloading 0 native plugins for Editor in 0.00 ms.
Unloading 1119 Unused Serialized files (Serialized files now loaded: 0)
System memory in use before: 62.2 MB.
System memory in use after: 62.3 MB.

Unloading 4 unused Assets to reduce memory usage. Loaded Objects now: 1662.
Total: 1.627600 ms (FindLiveObjects: 0.176500 ms CreateObjectMapping: 0.041500 ms MarkObjects: 1.395300 ms  DeleteObjects: 0.013100 ms)

========================================================================
Received Prepare
Registering precompiled user dll's ...
Registered in 0.001232 seconds.
Begin MonoManager ReloadAssembly
Native extension for WindowsStandalone target not found
Refreshing native plugins compatible for Editor in 0.34 ms, found 0 plugins.
Preloading 0 native plugins for Editor in 0.00 ms.
Mono: successfully reloaded assembly
- Completed reload, in  0.854 seconds
Platform modules already initialized, skipping
Refreshing native plugins compatible for Editor in 0.32 ms, found 0 plugins.
Preloading 0 native plugins for Editor in 0.00 ms.
Unloading 1119 Unused Serialized files (Serialized files now loaded: 0)
System memory in use before: 62.2 MB.
System memory in use after: 62.3 MB.

Unloading 4 unused Assets to reduce memory usage. Loaded Objects now: 1665.
Total: 1.625400 ms (FindLiveObjects: 0.159300 ms CreateObjectMapping: 0.045400 ms MarkObjects: 1.404900 ms  DeleteObjects: 0.014700 ms)

========================================================================
Received Prepare
Registering precompiled user dll's ...
Registered in 0.000892 seconds.
Begin MonoManager ReloadAssembly
Native extension for WindowsStandalone target not found
Refreshing native plugins compatible for Editor in 0.23 ms, found 0 plugins.
Preloading 0 native plugins for Editor in 0.00 ms.
Mono: successfully reloaded assembly
- Completed reload, in  0.876 seconds
Platform modules already initialized, skipping
Refreshing native plugins compatible for Editor in 0.25 ms, found 0 plugins.
Preloading 0 native plugins for Editor in 0.00 ms.
Unloading 1119 Unused Serialized files (Serialized files now loaded: 0)
System memory in use before: 62.2 MB.
System memory in use after: 62.3 MB.

Unloading 4 unused Assets to reduce memory usage. Loaded Objects now: 1668.
Total: 2.252200 ms (FindLiveObjects: 0.332000 ms CreateObjectMapping: 0.101100 ms MarkObjects: 1.791300 ms  DeleteObjects: 0.026700 ms)

========================================================================
Received Prepare
Registering precompiled user dll's ...
Registered in 0.001063 seconds.
Begin MonoManager ReloadAssembly
Native extension for WindowsStandalone target not found
Refreshing native plugins compatible for Editor in 0.31 ms, found 0 plugins.
Preloading 0 native plugins for Editor in 0.00 ms.
Mono: successfully reloaded assembly
- Completed reload, in  0.907 seconds
Platform modules already initialized, skipping
Refreshing native plugins compatible for Editor in 0.29 ms, found 0 plugins.
Preloading 0 native plugins for Editor in 0.00 ms.
Unloading 1119 Unused Serialized files (Serialized files now loaded: 0)
System memory in use before: 62.2 MB.
System memory in use after: 62.3 MB.

Unloading 4 unused Assets to reduce memory usage. Loaded Objects now: 1671.
Total: 1.969100 ms (FindLiveObjects: 0.245800 ms CreateObjectMapping: 0.042700 ms MarkObjects: 1.665600 ms  DeleteObjects: 0.014000 ms)

========================================================================
Received Prepare
Registering precompiled user dll's ...
Registered in 0.000855 seconds.
Begin MonoManager ReloadAssembly
Native extension for WindowsStandalone target not found
Refreshing native plugins compatible for Editor in 0.22 ms, found 0 plugins.
Preloading 0 native plugins for Editor in 0.00 ms.
Mono: successfully reloaded assembly
- Completed reload, in  0.776 seconds
Platform modules already initialized, skipping
Refreshing native plugins compatible for Editor in 0.25 ms, found 0 plugins.
Preloading 0 native plugins for Editor in 0.00 ms.
Unloading 1119 Unused Serialized files (Serialized files now loaded: 0)
System memory in use before: 62.2 MB.
System memory in use after: 62.3 MB.

Unloading 4 unused Assets to reduce memory usage. Loaded Objects now: 1674.
Total: 2.154600 ms (FindLiveObjects: 0.244800 ms CreateObjectMapping: 0.059000 ms MarkObjects: 1.836300 ms  DeleteObjects: 0.013100 ms)

========================================================================
Received Import Request.
  Time since last request: 1305.346897 seconds.
  path: Assets/New Terrain.asset
  artifactKey: Guid(cabc2ae843507e94c893f68a087693a3) Importer(815301076,1909f56bfc062723c751e8b465ee728b)
Start importing Assets/New Terrain.asset using Guid(cabc2ae843507e94c893f68a087693a3) Importer(815301076,1909f56bfc062723c751e8b465ee728b)  -> (artifact id: 'fba9df50a3758997cafc0dd6f7e52b09') in 0.069024 seconds
  Import took 0.071311 seconds .

========================================================================
Received Prepare
Registering precompiled user dll's ...
Registered in 0.000959 seconds.
Begin MonoManager ReloadAssembly
Native extension for WindowsStandalone target not found
Refreshing native plugins compatible for Editor in 0.39 ms, found 0 plugins.
Preloading 0 native plugins for Editor in 0.00 ms.
Mono: successfully reloaded assembly
- Completed reload, in  0.942 seconds
Platform modules already initialized, skipping
Refreshing native plugins compatible for Editor in 0.23 ms, found 0 plugins.
Preloading 0 native plugins for Editor in 0.00 ms.
Unloading 1119 Unused Serialized files (Serialized files now loaded: 0)
System memory in use before: 62.7 MB.
System memory in use after: 62.3 MB.

Unloading 6 unused Assets to reduce memory usage. Loaded Objects now: 1677.
Total: 2.203400 ms (FindLiveObjects: 0.147500 ms CreateObjectMapping: 0.034700 ms MarkObjects: 1.533600 ms  DeleteObjects: 0.486500 ms)

========================================================================
Received Import Request.
  Time since last request: 142.513556 seconds.
  path: Assets/Materials/Water.mat
  artifactKey: Guid(4c77031a90a02f447a8974533402bb1b) Importer(815301076,1909f56bfc062723c751e8b465ee728b)
Start importing Assets/Materials/Water.mat using Guid(4c77031a90a02f447a8974533402bb1b) Importer(815301076,1909f56bfc062723c751e8b465ee728b)  -> (artifact id: '89725f11467f3d8ce718e43a96bae1f1') in 0.065352 seconds
  Import took 0.067699 seconds .

========================================================================
Received Import Request.
  Time since last request: 44.118242 seconds.
  path: Assets/48 Particle Effect Pack/Texture/Smoke6.mat
  artifactKey: Guid(27f647092701743478e8a6f6b8b9b0ad) Importer(815301076,1909f56bfc062723c751e8b465ee728b)
Start importing Assets/48 Particle Effect Pack/Texture/Smoke6.mat using Guid(27f647092701743478e8a6f6b8b9b0ad) Importer(815301076,1909f56bfc062723c751e8b465ee728b)  -> (artifact id: 'b38fc567112408d7360abf5e3a6542b0') in 0.072237 seconds
  Import took 0.074420 seconds .

========================================================================
Received Import Request.
  Time since last request: 0.000275 seconds.
  path: Assets/48 Particle Effect Pack/Texture/SnowCrystal.mat
  artifactKey: Guid(412c1c87c8bf88d41be9917ecf91390d) Importer(815301076,1909f56bfc062723c751e8b465ee728b)
Start importing Assets/48 Particle Effect Pack/Texture/SnowCrystal.mat using Guid(412c1c87c8bf88d41be9917ecf91390d) Importer(815301076,1909f56bfc062723c751e8b465ee728b)  -> (artifact id: 'e4c1fc6074bb4d7da3501eb1dc7f129d') in 0.044449 seconds
  Import took 0.046814 seconds .

========================================================================
Received Import Request.
  Time since last request: 0.000345 seconds.
  path: Assets/48 Particle Effect Pack/Texture/SnowCrystal3.mat
  artifactKey: Guid(2ddb0a58e3b129649b0e330a964e50a8) Importer(815301076,1909f56bfc062723c751e8b465ee728b)
Start importing Assets/48 Particle Effect Pack/Texture/SnowCrystal3.mat using Guid(2ddb0a58e3b129649b0e330a964e50a8) Importer(815301076,1909f56bfc062723c751e8b465ee728b)  -> (artifact id: 'ba7f893009d2943666c3e787ba3259a7') in 0.052983 seconds
  Import took 0.055128 seconds .

========================================================================
Received Import Request.
  Time since last request: 0.000258 seconds.
  path: Assets/48 Particle Effect Pack/Texture/Spark3.mat
  artifactKey: Guid(84601cf1c4fd6ef48958ec9fcac69cf4) Importer(815301076,1909f56bfc062723c751e8b465ee728b)
Start importing Assets/48 Particle Effect Pack/Texture/Spark3.mat using Guid(84601cf1c4fd6ef48958ec9fcac69cf4) Importer(815301076,1909f56bfc062723c751e8b465ee728b)  -> (artifact id: '7728acf20eec0b2ce9b48b74f3377c54') in 0.063400 seconds
  Import took 0.065301 seconds .

========================================================================
Received Import Request.
  Time since last request: 0.000213 seconds.
  path: Assets/48 Particle Effect Pack/Texture/Spark6.mat
  artifactKey: Guid(25217b424bdbdfc429bd7b6b41d3a76b) Importer(815301076,1909f56bfc062723c751e8b465ee728b)
Start importing Assets/48 Particle Effect Pack/Texture/Spark6.mat using Guid(25217b424bdbdfc429bd7b6b41d3a76b) Importer(815301076,1909f56bfc062723c751e8b465ee728b)  -> (artifact id: '3907826c598c590153c10825b68825d5') in 0.041983 seconds
  Import took 0.043814 seconds .

========================================================================
Received Import Request.
  Time since last request: 0.000207 seconds.
  path: Assets/48 Particle Effect Pack/Texture/Star.mat
  artifactKey: Guid(7a1843ab6f181834680d44fc823df284) Importer(815301076,1909f56bfc062723c751e8b465ee728b)
Start importing Assets/48 Particle Effect Pack/Texture/Star.mat using Guid(7a1843ab6f181834680d44fc823df284) Importer(815301076,1909f56bfc062723c751e8b465ee728b)  -> (artifact id: '86f0274a2ec3a0f1f2e0c65f50d55355') in 0.054387 seconds
  Import took 0.056480 seconds .

========================================================================
Received Import Request.
  Time since last request: 0.000218 seconds.
  path: Assets/48 Particle Effect Pack/Texture/Star2.mat
  artifactKey: Guid(da154f58167fcb24da4b73db87dc7bb4) Importer(815301076,1909f56bfc062723c751e8b465ee728b)
Start importing Assets/48 Particle Effect Pack/Texture/Star2.mat using Guid(da154f58167fcb24da4b73db87dc7bb4) Importer(815301076,1909f56bfc062723c751e8b465ee728b)  -> (artifact id: '56e7f6c770e192a16deeafe36fb34c7c') in 0.042091 seconds
  Import took 0.044404 seconds .

========================================================================
Received Import Request.
  Time since last request: 0.000275 seconds.
  path: Assets/48 Particle Effect Pack/Texture/Star3.mat
  artifactKey: Guid(6e605333055fdbe4b94a3506efcb132e) Importer(815301076,1909f56bfc062723c751e8b465ee728b)
Start importing Assets/48 Particle Effect Pack/Texture/Star3.mat using Guid(6e605333055fdbe4b94a3506efcb132e) Importer(815301076,1909f56bfc062723c751e8b465ee728b)  -> (artifact id: '1121be3f9bdeb3df6f2f8091afa79828') in 0.037814 seconds
  Import took 0.039937 seconds .

========================================================================
Received Import Request.
  Time since last request: 0.000220 seconds.
  path: Assets/48 Particle Effect Pack/Texture/SnowCrystal4.mat
  artifactKey: Guid(0988637850bb9194e99c94ec05c10305) Importer(815301076,1909f56bfc062723c751e8b465ee728b)
Start importing Assets/48 Particle Effect Pack/Texture/SnowCrystal4.mat using Guid(0988637850bb9194e99c94ec05c10305) Importer(815301076,1909f56bfc062723c751e8b465ee728b)  -> (artifact id: 'd7b9b662556b7cbe193f1c5a61ccc3b7') in 0.023591 seconds
  Import took 0.025668 seconds .

========================================================================
Received Import Request.
  Time since last request: 0.000226 seconds.
  path: Assets/48 Particle Effect Pack/Texture/Smoke7.mat
  artifactKey: Guid(191574f46320e4c4899893a4a0a7e359) Importer(815301076,1909f56bfc062723c751e8b465ee728b)
Start importing Assets/48 Particle Effect Pack/Texture/Smoke7.mat using Guid(191574f46320e4c4899893a4a0a7e359) Importer(815301076,1909f56bfc062723c751e8b465ee728b)  -> (artifact id: '86a4d3f08347c355087cf5214de425ee') in 0.042417 seconds
  Import took 0.044503 seconds .

========================================================================
Received Import Request.
  Time since last request: 0.000242 seconds.
  path: Assets/48 Particle Effect Pack/Texture/Spark2.mat
  artifactKey: Guid(a1ebb5132f727d043b53629a18b54fb3) Importer(815301076,1909f56bfc062723c751e8b465ee728b)
Start importing Assets/48 Particle Effect Pack/Texture/Spark2.mat using Guid(a1ebb5132f727d043b53629a18b54fb3) Importer(815301076,1909f56bfc062723c751e8b465ee728b)  -> (artifact id: '1fbd6d13fa3c1dffee5bc03bb0b1722f') in 0.026390 seconds
  Import took 0.028400 seconds .

========================================================================
Received Import Request.
  Time since last request: 0.000297 seconds.
  path: Assets/48 Particle Effect Pack/Texture/Spark5.mat
  artifactKey: Guid(e8866d69778db1648a2a24c7bd6e5b5a) Importer(815301076,1909f56bfc062723c751e8b465ee728b)
Start importing Assets/48 Particle Effect Pack/Texture/Spark5.mat using Guid(e8866d69778db1648a2a24c7bd6e5b5a) Importer(815301076,1909f56bfc062723c751e8b465ee728b)  -> (artifact id: '15609a0a874ac94f0fa0b41dd54bdb0b') in 0.060470 seconds
  Import took 0.062568 seconds .

========================================================================
Received Import Request.
  Time since last request: 0.000363 seconds.
  path: Assets/48 Particle Effect Pack/Texture/SnowCrystal2.mat
  artifactKey: Guid(2580527c6caaf0d40aee14435b63a2d1) Importer(815301076,1909f56bfc062723c751e8b465ee728b)
Start importing Assets/48 Particle Effect Pack/Texture/SnowCrystal2.mat using Guid(2580527c6caaf0d40aee14435b63a2d1) Importer(815301076,1909f56bfc062723c751e8b465ee728b)  -> (artifact id: '2f2eafdf7f751c8bc87cc90f8985a5bb') in 0.041864 seconds
  Import took 0.044198 seconds .

========================================================================
Received Import Request.
  Time since last request: 0.000289 seconds.
  path: Assets/48 Particle Effect Pack/Texture/Spark8.mat
  artifactKey: Guid(b7b0f2d86aeefda4e846c89b05c9b891) Importer(815301076,1909f56bfc062723c751e8b465ee728b)
Start importing Assets/48 Particle Effect Pack/Texture/Spark8.mat using Guid(b7b0f2d86aeefda4e846c89b05c9b891) Importer(815301076,1909f56bfc062723c751e8b465ee728b)  -> (artifact id: '334bbb70325f8a9189c2240ddfc2563c') in 0.050026 seconds
  Import took 0.051981 seconds .

========================================================================
Received Import Request.
  Time since last request: 0.000314 seconds.
  path: Assets/48 Particle Effect Pack/Texture/SnowCrystal2.mat
  artifactKey: Guid(2580527c6caaf0d40aee14435b63a2d1) Importer(815301076,1909f56bfc062723c751e8b465ee728b)
Start importing Assets/48 Particle Effect Pack/Texture/SnowCrystal2.mat using Guid(2580527c6caaf0d40aee14435b63a2d1) Importer(815301076,1909f56bfc062723c751e8b465ee728b)  -> (artifact id: '2f2eafdf7f751c8bc87cc90f8985a5bb') in 0.010962 seconds
  Import took 0.013104 seconds .

========================================================================
Received Import Request.
  Time since last request: 0.000258 seconds.
  path: Assets/48 Particle Effect Pack/Texture/Spark4.mat
  artifactKey: Guid(1a517e705d717f642babb2b1d289c8da) Importer(815301076,1909f56bfc062723c751e8b465ee728b)
Start importing Assets/48 Particle Effect Pack/Texture/Spark4.mat using Guid(1a517e705d717f642babb2b1d289c8da) Importer(815301076,1909f56bfc062723c751e8b465ee728b)  -> (artifact id: 'a35e6fedcfb1f00832d91ad8e379464e') in 0.055068 seconds
  Import took 0.057168 seconds .

========================================================================
Received Import Request.
  Time since last request: 0.000273 seconds.
  path: Assets/48 Particle Effect Pack/Texture/Spark7.mat
  artifactKey: Guid(61939c49e710a064ca43150a61c6e2d8) Importer(815301076,1909f56bfc062723c751e8b465ee728b)
Start importing Assets/48 Particle Effect Pack/Texture/Spark7.mat using Guid(61939c49e710a064ca43150a61c6e2d8) Importer(815301076,1909f56bfc062723c751e8b465ee728b)  -> (artifact id: '6458aadc8a4689cd3ed2f4c75efb26b4') in 0.032570 seconds
  Import took 0.034743 seconds .

========================================================================
Received Import Request.
  Time since last request: 12.593244 seconds.
  path: Assets/Materials/Water.mat
  artifactKey: Guid(4c77031a90a02f447a8974533402bb1b) Importer(815301076,1909f56bfc062723c751e8b465ee728b)
Start importing Assets/Materials/Water.mat using Guid(4c77031a90a02f447a8974533402bb1b) Importer(815301076,1909f56bfc062723c751e8b465ee728b)  -> (artifact id: '209ad8199286076c44fce8108571054c') in 2.940452 seconds
  Import took 2.942673 seconds .

========================================================================
Received Prepare
Registering precompiled user dll's ...
Registered in 0.001071 seconds.
Begin MonoManager ReloadAssembly
Native extension for WindowsStandalone target not found
Refreshing native plugins compatible for Editor in 0.32 ms, found 0 plugins.
Preloading 0 native plugins for Editor in 0.00 ms.
Mono: successfully reloaded assembly
- Completed reload, in  0.891 seconds
Platform modules already initialized, skipping
Refreshing native plugins compatible for Editor in 0.23 ms, found 0 plugins.
Preloading 0 native plugins for Editor in 0.00 ms.
Unloading 1119 Unused Serialized files (Serialized files now loaded: 0)
System memory in use before: 62.3 MB.
System memory in use after: 62.4 MB.

Unloading 4 unused Assets to reduce memory usage. Loaded Objects now: 1682.
Total: 2.202000 ms (FindLiveObjects: 0.163000 ms CreateObjectMapping: 0.050700 ms MarkObjects: 1.972600 ms  DeleteObjects: 0.014000 ms)

========================================================================
Received Import Request.
  Time since last request: 121.872777 seconds.
  path: Assets/Materials/Water.mat
  artifactKey: Guid(4c77031a90a02f447a8974533402bb1b) Importer(815301076,1909f56bfc062723c751e8b465ee728b)
Start importing Assets/Materials/Water.mat using Guid(4c77031a90a02f447a8974533402bb1b) Importer(815301076,1909f56bfc062723c751e8b465ee728b)  -> (artifact id: 'f6e559d4e3a1a2e5ed865b55074b4909') in 0.066723 seconds
  Import took 0.069052 seconds .

========================================================================
Received Import Request.
  Time since last request: 145.430138 seconds.
  path: Assets/Materials/Water.mat
  artifactKey: Guid(4c77031a90a02f447a8974533402bb1b) Importer(815301076,1909f56bfc062723c751e8b465ee728b)
Start importing Assets/Materials/Water.mat using Guid(4c77031a90a02f447a8974533402bb1b) Importer(815301076,1909f56bfc062723c751e8b465ee728b)  -> (artifact id: 'c379fac783e1d1d04aa03f881c4a7cbb') in 0.014249 seconds
  Import took 0.017371 seconds .

========================================================================
Received Prepare
Registering precompiled user dll's ...
Registered in 0.001214 seconds.
Begin MonoManager ReloadAssembly
Native extension for WindowsStandalone target not found
Refreshing native plugins compatible for Editor in 0.39 ms, found 0 plugins.
Preloading 0 native plugins for Editor in 0.00 ms.
Mono: successfully reloaded assembly
- Completed reload, in  0.876 seconds
Platform modules already initialized, skipping
Refreshing native plugins compatible for Editor in 0.21 ms, found 0 plugins.
Preloading 0 native plugins for Editor in 0.00 ms.
Unloading 1119 Unused Serialized files (Serialized files now loaded: 0)
System memory in use before: 62.3 MB.
System memory in use after: 62.4 MB.

Unloading 4 unused Assets to reduce memory usage. Loaded Objects now: 1686.
Total: 1.417700 ms (FindLiveObjects: 0.148900 ms CreateObjectMapping: 0.037800 ms MarkObjects: 1.217700 ms  DeleteObjects: 0.012500 ms)

========================================================================
Received Prepare
Registering precompiled user dll's ...
Registered in 0.000997 seconds.
Begin MonoManager ReloadAssembly
Native extension for WindowsStandalone target not found
Refreshing native plugins compatible for Editor in 0.25 ms, found 0 plugins.
Preloading 0 native plugins for Editor in 0.00 ms.
Mono: successfully reloaded assembly
- Completed reload, in  0.922 seconds
Platform modules already initialized, skipping
Refreshing native plugins compatible for Editor in 0.22 ms, found 0 plugins.
Preloading 0 native plugins for Editor in 0.00 ms.
Unloading 1119 Unused Serialized files (Serialized files now loaded: 0)
System memory in use before: 62.3 MB.
System memory in use after: 62.4 MB.

Unloading 4 unused Assets to reduce memory usage. Loaded Objects now: 1689.
Total: 2.218200 ms (FindLiveObjects: 0.244500 ms CreateObjectMapping: 0.097300 ms MarkObjects: 1.861400 ms  DeleteObjects: 0.013900 ms)

========================================================================
Received Prepare
Registering precompiled user dll's ...
Registered in 0.001053 seconds.
Begin MonoManager ReloadAssembly
Native extension for WindowsStandalone target not found
Refreshing native plugins compatible for Editor in 0.21 ms, found 0 plugins.
Preloading 0 native plugins for Editor in 0.00 ms.
Mono: successfully reloaded assembly
- Completed reload, in  0.841 seconds
Platform modules already initialized, skipping
Refreshing native plugins compatible for Editor in 0.27 ms, found 0 plugins.
Preloading 0 native plugins for Editor in 0.00 ms.
Unloading 1119 Unused Serialized files (Serialized files now loaded: 0)
System memory in use before: 62.3 MB.
System memory in use after: 62.4 MB.

Unloading 4 unused Assets to reduce memory usage. Loaded Objects now: 1692.
Total: 1.457700 ms (FindLiveObjects: 0.139100 ms CreateObjectMapping: 0.036100 ms MarkObjects: 1.268300 ms  DeleteObjects: 0.013000 ms)

AssetImportWorkerClient::OnTransportError - code=2 error=End of file
